Generated at 2013-11-02 14:59:22 +0900
Chef::Exceptions::Group: group[miku] (/Users/youki/vagrant/centos/cookbooks/users/providers/manage.rb line 147) had an error: Chef::Exceptions::Group: dscl error: ["dscl . -create /Groups/miku", #<Process::Status: pid 21501 exit 40>, "", "<main> attribute status: eDSPermissionError\n<dscl_cmd> DS Error: -14120 (eDSPermissionError)\n"]
/Users/youki/.rbenv/versions/2.0.0-p247/lib/ruby/gems/2.0.0/gems/chef-11.6.2/lib/chef/provider/group/dscl.rb:37:in `safe_dscl'
/Users/youki/.rbenv/versions/2.0.0-p247/lib/ruby/gems/2.0.0/gems/chef-11.6.2/lib/chef/provider/group/dscl.rb:119:in `dscl_create_group'
/Users/youki/.rbenv/versions/2.0.0-p247/lib/ruby/gems/2.0.0/gems/chef-11.6.2/lib/chef/provider/group/dscl.rb:101:in `create_group'
/Users/youki/.rbenv/versions/2.0.0-p247/lib/ruby/gems/2.0.0/gems/chef-11.6.2/lib/chef/provider/group.rb:104:in `block in action_create'
/Users/youki/.rbenv/versions/2.0.0-p247/lib/ruby/gems/2.0.0/gems/chef-11.6.2/lib/chef/mixin/why_run.rb:52:in `call'
/Users/youki/.rbenv/versions/2.0.0-p247/lib/ruby/gems/2.0.0/gems/chef-11.6.2/lib/chef/mixin/why_run.rb:52:in `add_action'
/Users/youki/.rbenv/versions/2.0.0-p247/lib/ruby/gems/2.0.0/gems/chef-11.6.2/lib/chef/provider.rb:149:in `converge_by'
/Users/youki/.rbenv/versions/2.0.0-p247/lib/ruby/gems/2.0.0/gems/chef-11.6.2/lib/chef/provider/group.rb:103:in `action_create'
/Users/youki/.rbenv/versions/2.0.0-p247/lib/ruby/gems/2.0.0/gems/chef-11.6.2/lib/chef/provider.rb:114:in `run_action'
/Users/youki/.rbenv/versions/2.0.0-p247/lib/ruby/gems/2.0.0/gems/chef-11.6.2/lib/chef/resource.rb:625:in `run_action'
/Users/youki/.rbenv/versions/2.0.0-p247/lib/ruby/gems/2.0.0/gems/chef-11.6.2/lib/chef/runner.rb:49:in `run_action'
/Users/youki/.rbenv/versions/2.0.0-p247/lib/ruby/gems/2.0.0/gems/chef-11.6.2/lib/chef/runner.rb:81:in `block (2 levels) in converge'
/Users/youki/.rbenv/versions/2.0.0-p247/lib/ruby/gems/2.0.0/gems/chef-11.6.2/lib/chef/runner.rb:81:in `each'
/Users/youki/.rbenv/versions/2.0.0-p247/lib/ruby/gems/2.0.0/gems/chef-11.6.2/lib/chef/runner.rb:81:in `block in converge'
/Users/youki/.rbenv/versions/2.0.0-p247/lib/ruby/gems/2.0.0/gems/chef-11.6.2/lib/chef/resource_collection.rb:98:in `block in execute_each_resource'
/Users/youki/.rbenv/versions/2.0.0-p247/lib/ruby/gems/2.0.0/gems/chef-11.6.2/lib/chef/resource_collection/stepable_iterator.rb:116:in `call'
/Users/youki/.rbenv/versions/2.0.0-p247/lib/ruby/gems/2.0.0/gems/chef-11.6.2/lib/chef/resource_collection/stepable_iterator.rb:116:in `call_iterator_block'
/Users/youki/.rbenv/versions/2.0.0-p247/lib/ruby/gems/2.0.0/gems/chef-11.6.2/lib/chef/resource_collection/stepable_iterator.rb:85:in `step'
/Users/youki/.rbenv/versions/2.0.0-p247/lib/ruby/gems/2.0.0/gems/chef-11.6.2/lib/chef/resource_collection/stepable_iterator.rb:104:in `iterate'
/Users/youki/.rbenv/versions/2.0.0-p247/lib/ruby/gems/2.0.0/gems/chef-11.6.2/lib/chef/resource_collection/stepable_iterator.rb:55:in `each_with_index'
/Users/youki/.rbenv/versions/2.0.0-p247/lib/ruby/gems/2.0.0/gems/chef-11.6.2/lib/chef/resource_collection.rb:96:in `execute_each_resource'
/Users/youki/.rbenv/versions/2.0.0-p247/lib/ruby/gems/2.0.0/gems/chef-11.6.2/lib/chef/runner.rb:80:in `converge'
/Users/youki/.rbenv/versions/2.0.0-p247/lib/ruby/gems/2.0.0/gems/chef-11.6.2/lib/chef/client.rb:429:in `converge'
/Users/youki/.rbenv/versions/2.0.0-p247/lib/ruby/gems/2.0.0/gems/chef-11.6.2/lib/chef/client.rb:494:in `do_run'
/Users/youki/.rbenv/versions/2.0.0-p247/lib/ruby/gems/2.0.0/gems/chef-11.6.2/lib/chef/client.rb:199:in `block in run'
/Users/youki/.rbenv/versions/2.0.0-p247/lib/ruby/gems/2.0.0/gems/chef-11.6.2/lib/chef/client.rb:193:in `fork'
/Users/youki/.rbenv/versions/2.0.0-p247/lib/ruby/gems/2.0.0/gems/chef-11.6.2/lib/chef/client.rb:193:in `run'
/Users/youki/.rbenv/versions/2.0.0-p247/lib/ruby/gems/2.0.0/gems/chef-11.6.2/lib/chef/application.rb:183:in `run_chef_client'
/Users/youki/.rbenv/versions/2.0.0-p247/lib/ruby/gems/2.0.0/gems/chef-11.6.2/lib/chef/application/solo.rb:239:in `block in run_application'
/Users/youki/.rbenv/versions/2.0.0-p247/lib/ruby/gems/2.0.0/gems/chef-11.6.2/lib/chef/application/solo.rb:231:in `loop'
/Users/youki/.rbenv/versions/2.0.0-p247/lib/ruby/gems/2.0.0/gems/chef-11.6.2/lib/chef/application/solo.rb:231:in `run_application'
/Users/youki/.rbenv/versions/2.0.0-p247/lib/ruby/gems/2.0.0/gems/chef-11.6.2/lib/chef/application.rb:66:in `run'
/Users/youki/.rbenv/versions/2.0.0-p247/lib/ruby/gems/2.0.0/gems/chef-11.6.2/bin/chef-solo:25:in `<top (required)>'
/Users/youki/.rbenv/versions/2.0.0-p247/bin/chef-solo:23:in `load'
/Users/youki/.rbenv/versions/2.0.0-p247/bin/chef-solo:23:in `<main>'